<?xml version="1.0" encoding="UTF-8"?>
<robot generator="Robot 5.0.1 (Python 3.10.5 on win32)" generated="20221129 09:27:07.086" rpa="false" schemaversion="3">
<suite id="s1" name="testDemo6" source="C:\VAD\RobotFramework_GIT\Robotframework\tests\testDemo6.robot">
<test id="s1-t1" name="Validate UnSuccesful Login" line="23">
<kw name="open the browser with the url" library="Generic" type="SETUP">
<kw name="Create Webdriver" library="SeleniumLibrary">
<arg>${browser_name}</arg>
<arg>executable_path=resources/chromedriver</arg>
<doc>Creates an instance of Selenium WebDriver.</doc>
<msg timestamp="20221129 09:27:07.352" level="INFO">Creating an instance of the Chrome WebDriver.</msg>
<status status="PASS" starttime="20221129 09:27:07.352" endtime="20221129 09:27:09.020"/>
</kw>
<kw name="Go To" library="SeleniumLibrary">
<arg>${url}</arg>
<doc>Navigates the current browser window to the provided ``url``.</doc>
<msg timestamp="20221129 09:27:09.021" level="INFO">Opening url 'https://rahulshettyacademy.com/loginpagePractise/'</msg>
<status status="PASS" starttime="20221129 09:27:09.020" endtime="20221129 09:27:13.004"/>
</kw>
<status status="PASS" starttime="20221129 09:27:07.352" endtime="20221129 09:27:13.005"/>
</kw>
<kw name="Fill the login Form" library="LandingPage">
<arg>${user_name}</arg>
<arg>${invalid_password}</arg>
<kw name="Input Text" library="SeleniumLibrary">
<arg>id:username</arg>
<arg>${username}</arg>
<doc>Types the given ``text`` into the text field identified by ``locator``.</doc>
<msg timestamp="20221129 09:27:13.006" level="INFO">Typing text 'rahulshettyacademy' into text field 'id:username'.</msg>
<status status="PASS" starttime="20221129 09:27:13.005" endtime="20221129 09:27:13.107"/>
</kw>
<kw name="Input Password" library="SeleniumLibrary">
<arg>id:password</arg>
<arg>${password}</arg>
<doc>Types the given password into the text field identified by ``locator``.</doc>
<msg timestamp="20221129 09:27:13.107" level="INFO">Typing password into text field 'id:password'.</msg>
<msg timestamp="20221129 09:27:13.148" level="INFO">Temporally setting log level to: NONE</msg>
<msg timestamp="20221129 09:27:13.188" level="INFO">Log level changed from NONE to INFO.</msg>
<status status="PASS" starttime="20221129 09:27:13.107" endtime="20221129 09:27:13.188"/>
</kw>
<kw name="Click Button" library="SeleniumLibrary">
<arg>signInBtn</arg>
<doc>Clicks the button identified by ``locator``.</doc>
<msg timestamp="20221129 09:27:13.189" level="INFO">Clicking button 'signInBtn'.</msg>
<status status="PASS" starttime="20221129 09:27:13.188" endtime="20221129 09:27:13.250"/>
</kw>
<status status="PASS" starttime="20221129 09:27:13.005" endtime="20221129 09:27:13.250"/>
</kw>
<kw name="wait until Element is located in the page" library="LandingPage">
<kw name="Wait Until element passed is located on Page" library="Generic">
<arg>${Error_Message_Login}</arg>
<kw name="Wait Until Element Is Visible" library="SeleniumLibrary">
<arg>${page_locator}</arg>
<arg>timeout=10</arg>
<doc>Waits until the element ``locator`` is visible.</doc>
<status status="PASS" starttime="20221129 09:27:13.251" endtime="20221129 09:27:15.298"/>
</kw>
<status status="PASS" starttime="20221129 09:27:13.250" endtime="20221129 09:27:15.298"/>
</kw>
<status status="PASS" starttime="20221129 09:27:13.250" endtime="20221129 09:27:15.298"/>
</kw>
<kw name="verify error message is correct" library="LandingPage">
<kw name="Get Text" library="SeleniumLibrary">
<var>${result}</var>
<arg>${Error_Message_Login}</arg>
<doc>Returns the text value of the element identified by ``locator``.</doc>
<msg timestamp="20221129 09:27:15.319" level="INFO">${result} = Incorrect username/password.</msg>
<status status="PASS" starttime="20221129 09:27:15.299" endtime="20221129 09:27:15.319"/>
</kw>
<kw name="Should Be Equal As Strings" library="BuiltIn">
<arg>${result}</arg>
<arg>Incorrect username/password.</arg>
<doc>Fails if objects are unequal after converting them to strings.</doc>
<status status="PASS" starttime="20221129 09:27:15.319" endtime="20221129 09:27:15.319"/>
</kw>
<kw name="Element Text Should Be" library="SeleniumLibrary">
<arg>${Error_Message_Login}</arg>
<arg>Incorrect username/password.</arg>
<doc>Verifies that element ``locator`` contains exact the text ``expected``.</doc>
<msg timestamp="20221129 09:27:15.320" level="INFO">Verifying element 'css:.alert-danger' contains exact text 'Incorrect username/password.'.</msg>
<status status="PASS" starttime="20221129 09:27:15.319" endtime="20221129 09:27:15.333"/>
</kw>
<status status="PASS" starttime="20221129 09:27:15.298" endtime="20221129 09:27:15.333"/>
</kw>
<kw name="Close Browser session" library="Generic" type="TEARDOWN">
<kw name="Close Browser" library="SeleniumLibrary">
<doc>Closes the current browser.</doc>
<status status="PASS" starttime="20221129 09:27:15.334" endtime="20221129 09:27:17.408"/>
</kw>
<status status="PASS" starttime="20221129 09:27:15.333" endtime="20221129 09:27:17.409"/>
</kw>
<tag>REGRESSION</tag>
<tag>SMOKE</tag>
<status status="PASS" starttime="20221129 09:27:07.351" endtime="20221129 09:27:17.409"/>
</test>
<doc>To validate the Login form</doc>
<status status="PASS" starttime="20221129 09:27:07.088" endtime="20221129 09:27:17.411"/>
</suite>
<statistics>
<total>
<stat pass="1" fail="0" skip="0">All Tests</stat>
</total>
<tag>
<stat pass="1" fail="0" skip="0">REGRESSION</stat>
<stat pass="1" fail="0" skip="0">SMOKE</stat>
</tag>
<suite>
<stat pass="1" fail="0" skip="0" id="s1" name="testDemo6">testDemo6</stat>
</suite>
</statistics>
<errors>
</errors>
</robot>
